[0.067s] colcon DEBUG Command line arguments: ['/usr/bin/colcon', 'build', '--symlink-install', '--packages-select', 'mapless_nav2']
[0.067s] colcon DEBUG Parsed command line arguments: Namespace(log_base=None, log_level=None, verb_name='build', build_base='build', install_base='install', merge_install=False, symlink_install=True, test_result_base=None, continue_on_error=False, executor='parallel', parallel_workers=20, event_handlers=None, ignore_user_meta=False, metas=['./colcon.meta'], base_paths=['.'], packages_ignore=None, packages_ignore_regex=None, paths=None, packages_up_to=None, packages_up_to_regex=None, packages_above=None, packages_above_and_dependencies=None, packages_above_depth=None, packages_select_by_dep=None, packages_skip_by_dep=None, packages_skip_up_to=None, packages_select_build_failed=False, packages_skip_build_finished=False, packages_select_test_failures=False, packages_skip_test_passed=False, packages_select=['mapless_nav2'], packages_skip=None, packages_select_regex=None, packages_skip_regex=None, packages_start=None, packages_end=None, allow_overriding=[], cmake_args=None, cmake_target=None, cmake_target_skip_unavailable=False, cmake_clean_cache=False, cmake_clean_first=False, cmake_force_configure=False, ament_cmake_args=None, catkin_cmake_args=None, catkin_skip_building_tests=False, mixin_files=None, mixin=None, verb_parser=<colcon_mixin.mixin.mixin_argument.MixinArgumentDecorator object at 0x7fdb8f590430>, verb_extension=<colcon_core.verb.build.BuildVerb object at 0x7fdb8f563df0>, main=<bound method BuildVerb.main of <colcon_core.verb.build.BuildVerb object at 0x7fdb8f563df0>>, mixin_verb=('build',))
[0.170s] colcon.colcon_core.package_discovery Level 1 discover_packages(colcon_meta) check parameters
[0.170s] colcon.colcon_core.package_discovery Level 1 discover_packages(recursive) check parameters
[0.170s] colcon.colcon_core.package_discovery Level 1 discover_packages(ignore) check parameters
[0.170s] colcon.colcon_core.package_discovery Level 1 discover_packages(path) check parameters
[0.170s] colcon.colcon_core.package_discovery Level 1 discover_packages(colcon_meta) discover
[0.170s] colcon.colcon_core.package_discovery Level 1 discover_packages(recursive) discover
[0.170s] colcon.colcon_core.package_discovery INFO Crawling recursively for packages in '/home/david/Desktop/laiting/navigation_codex_legacy_baseline'
[0.170s] colcon.colcon_core.package_identification Level 1 _identify(.) by extensions ['ignore', 'ignore_ament_install']
[0.170s] colcon.colcon_core.package_identification Level 1 _identify(.) by extension 'ignore'
[0.170s] colcon.colcon_core.package_identification Level 1 _identify(.) by extension 'ignore_ament_install'
[0.170s] colcon.colcon_core.package_identification Level 1 _identify(.) by extensions ['colcon_pkg']
[0.170s] colcon.colcon_core.package_identification Level 1 _identify(.) by extension 'colcon_pkg'
[0.170s] colcon.colcon_core.package_identification Level 1 _identify(.) by extensions ['colcon_meta']
[0.170s] colcon.colcon_core.package_identification Level 1 _identify(.) by extension 'colcon_meta'
[0.170s] colcon.colcon_core.package_identification Level 1 _identify(.) by extensions ['ros']
[0.170s] colcon.colcon_core.package_identification Level 1 _identify(.) by extension 'ros'
[0.176s] colcon.colcon_core.package_identification Level 1 _identify(.) by extensions ['cmake', 'python']
[0.176s] colcon.colcon_core.package_identification Level 1 _identify(.) by extension 'cmake'
[0.176s] colcon.colcon_core.package_identification Level 1 _identify(.) by extension 'python'
[0.176s] colcon.colcon_core.package_identification Level 1 _identify(.) by extensions ['python_setup_py']
[0.176s] colcon.colcon_core.package_identification Level 1 _identify(.) by extension 'python_setup_py'
[0.176s] colcon.colcon_core.package_identification Level 1 _identify(build) by extensions ['ignore', 'ignore_ament_install']
[0.176s] colcon.colcon_core.package_identification Level 1 _identify(build) by extension 'ignore'
[0.176s] colcon.colcon_core.package_identification Level 1 _identify(build) ignored
[0.176s] colcon.colcon_core.package_identification Level 1 _identify(install) by extensions ['ignore', 'ignore_ament_install']
[0.176s] colcon.colcon_core.package_identification Level 1 _identify(install) by extension 'ignore'
[0.176s] colcon.colcon_core.package_identification Level 1 _identify(install) ignored
[0.176s] colcon.colcon_core.package_identification Level 1 _identify(log) by extensions ['ignore', 'ignore_ament_install']
[0.176s] colcon.colcon_core.package_identification Level 1 _identify(log) by extension 'ignore'
[0.176s] colcon.colcon_core.package_identification Level 1 _identify(log) ignored
[0.176s] colcon.colcon_core.package_identification Level 1 _identify(src) by extensions ['ignore', 'ignore_ament_install']
[0.176s] colcon.colcon_core.package_identification Level 1 _identify(src) by extension 'ignore'
[0.176s] colcon.colcon_core.package_identification Level 1 _identify(src) by extension 'ignore_ament_install'
[0.176s] colcon.colcon_core.package_identification Level 1 _identify(src) by extensions ['colcon_pkg']
[0.176s] colcon.colcon_core.package_identification Level 1 _identify(src) by extension 'colcon_pkg'
[0.176s] colcon.colcon_core.package_identification Level 1 _identify(src) by extensions ['colcon_meta']
[0.176s] colcon.colcon_core.package_identification Level 1 _identify(src) by extension 'colcon_meta'
[0.176s] colcon.colcon_core.package_identification Level 1 _identify(src) by extensions ['ros']
[0.176s] colcon.colcon_core.package_identification Level 1 _identify(src) by extension 'ros'
[0.176s] colcon.colcon_core.package_identification Level 1 _identify(src) by extensions ['cmake', 'python']
[0.176s] colcon.colcon_core.package_identification Level 1 _identify(src) by extension 'cmake'
[0.176s] colcon.colcon_core.package_identification Level 1 _identify(src) by extension 'python'
[0.176s] colcon.colcon_core.package_identification Level 1 _identify(src) by extensions ['python_setup_py']
[0.176s] colcon.colcon_core.package_identification Level 1 _identify(src) by extension 'python_setup_py'
[0.177s] colcon.colcon_core.package_identification Level 1 _identify(src/mapless_nav2) by extensions ['ignore', 'ignore_ament_install']
[0.177s] colcon.colcon_core.package_identification Level 1 _identify(src/mapless_nav2) by extension 'ignore'
[0.177s] colcon.colcon_core.package_identification Level 1 _identify(src/mapless_nav2) by extension 'ignore_ament_install'
[0.177s] colcon.colcon_core.package_identification Level 1 _identify(src/mapless_nav2) by extensions ['colcon_pkg']
[0.177s] colcon.colcon_core.package_identification Level 1 _identify(src/mapless_nav2) by extension 'colcon_pkg'
[0.177s] colcon.colcon_core.package_identification Level 1 _identify(src/mapless_nav2) by extensions ['colcon_meta']
[0.177s] colcon.colcon_core.package_identification Level 1 _identify(src/mapless_nav2) by extension 'colcon_meta'
[0.177s] colcon.colcon_core.package_identification Level 1 _identify(src/mapless_nav2) by extensions ['ros']
[0.177s] colcon.colcon_core.package_identification Level 1 _identify(src/mapless_nav2) by extension 'ros'
[0.178s] colcon.colcon_core.package_identification DEBUG Package 'src/mapless_nav2' with type 'ros.ament_python' and name 'mapless_nav2'
[0.178s] colcon.colcon_core.package_identification Level 1 _identify(turtlebot3_simulations) by extensions ['ignore', 'ignore_ament_install']
[0.178s] colcon.colcon_core.package_identification Level 1 _identify(turtlebot3_simulations) by extension 'ignore'
[0.178s] colcon.colcon_core.package_identification Level 1 _identify(turtlebot3_simulations) by extension 'ignore_ament_install'
[0.178s] colcon.colcon_core.package_identification Level 1 _identify(turtlebot3_simulations) by extensions ['colcon_pkg']
[0.178s] colcon.colcon_core.package_identification Level 1 _identify(turtlebot3_simulations) by extension 'colcon_pkg'
[0.178s] colcon.colcon_core.package_identification Level 1 _identify(turtlebot3_simulations) by extensions ['colcon_meta']
[0.178s] colcon.colcon_core.package_identification Level 1 _identify(turtlebot3_simulations) by extension 'colcon_meta'
[0.178s] colcon.colcon_core.package_identification Level 1 _identify(turtlebot3_simulations) by extensions ['ros']
[0.178s] colcon.colcon_core.package_identification Level 1 _identify(turtlebot3_simulations) by extension 'ros'
[0.178s] colcon.colcon_core.package_identification Level 1 _identify(turtlebot3_simulations) by extensions ['cmake', 'python']
[0.178s] colcon.colcon_core.package_identification Level 1 _identify(turtlebot3_simulations) by extension 'cmake'
[0.178s] colcon.colcon_core.package_identification Level 1 _identify(turtlebot3_simulations) by extension 'python'
[0.178s] colcon.colcon_core.package_identification Level 1 _identify(turtlebot3_simulations) by extensions ['python_setup_py']
[0.178s] colcon.colcon_core.package_identification Level 1 _identify(turtlebot3_simulations) by extension 'python_setup_py'
[0.178s] colcon.colcon_core.package_identification Level 1 _identify(visualnav-transformer) by extensions ['ignore', 'ignore_ament_install']
[0.178s] colcon.colcon_core.package_identification Level 1 _identify(visualnav-transformer) by extension 'ignore'
[0.178s] colcon.colcon_core.package_identification Level 1 _identify(visualnav-transformer) by extension 'ignore_ament_install'
[0.179s] colcon.colcon_core.package_identification Level 1 _identify(visualnav-transformer) by extensions ['colcon_pkg']
[0.179s] colcon.colcon_core.package_identification Level 1 _identify(visualnav-transformer) by extension 'colcon_pkg'
[0.179s] colcon.colcon_core.package_identification Level 1 _identify(visualnav-transformer) by extensions ['colcon_meta']
[0.179s] colcon.colcon_core.package_identification Level 1 _identify(visualnav-transformer) by extension 'colcon_meta'
[0.179s] colcon.colcon_core.package_identification Level 1 _identify(visualnav-transformer) by extensions ['ros']
[0.179s] colcon.colcon_core.package_identification Level 1 _identify(visualnav-transformer) by extension 'ros'
[0.179s] colcon.colcon_core.package_identification Level 1 _identify(visualnav-transformer) by extensions ['cmake', 'python']
[0.179s] colcon.colcon_core.package_identification Level 1 _identify(visualnav-transformer) by extension 'cmake'
[0.179s] colcon.colcon_core.package_identification Level 1 _identify(visualnav-transformer) by extension 'python'
[0.179s] colcon.colcon_core.package_identification Level 1 _identify(visualnav-transformer) by extensions ['python_setup_py']
[0.179s] colcon.colcon_core.package_identification Level 1 _identify(visualnav-transformer) by extension 'python_setup_py'
[0.179s] colcon.colcon_core.package_discovery Level 1 discover_packages(recursive) using defaults
[0.179s] colcon.colcon_core.package_discovery Level 1 discover_packages(ignore) discover
[0.179s] colcon.colcon_core.package_discovery Level 1 discover_packages(ignore) using defaults
[0.179s] colcon.colcon_core.package_discovery Level 1 discover_packages(path) discover
[0.179s] colcon.colcon_core.package_discovery Level 1 discover_packages(path) using defaults
[0.187s] colcon.colcon_core.package_discovery Level 1 discover_packages(prefix_path) check parameters
[0.187s] colcon.colcon_core.package_discovery Level 1 discover_packages(prefix_path) discover
[0.188s] colcon.colcon_installed_package_information.package_discovery DEBUG Found 34 installed packages in /home/david/ros2_ws/install
[0.189s] colcon.colcon_installed_package_information.package_discovery DEBUG Found 441 installed packages in /opt/ros/humble
[0.190s] colcon.colcon_core.package_discovery Level 1 discover_packages(prefix_path) using defaults
[0.213s] colcon.colcon_core.verb Level 5 set package 'mapless_nav2' build argument 'cmake_args' from command line to 'None'
[0.213s] colcon.colcon_core.verb Level 5 set package 'mapless_nav2' build argument 'cmake_target' from command line to 'None'
[0.213s] colcon.colcon_core.verb Level 5 set package 'mapless_nav2' build argument 'cmake_target_skip_unavailable' from command line to 'False'
[0.213s] colcon.colcon_core.verb Level 5 set package 'mapless_nav2' build argument 'cmake_clean_cache' from command line to 'False'
[0.213s] colcon.colcon_core.verb Level 5 set package 'mapless_nav2' build argument 'cmake_clean_first' from command line to 'False'
[0.213s] colcon.colcon_core.verb Level 5 set package 'mapless_nav2' build argument 'cmake_force_configure' from command line to 'False'
[0.213s] colcon.colcon_core.verb Level 5 set package 'mapless_nav2' build argument 'ament_cmake_args' from command line to 'None'
[0.213s] colcon.colcon_core.verb Level 5 set package 'mapless_nav2' build argument 'catkin_cmake_args' from command line to 'None'
[0.213s] colcon.colcon_core.verb Level 5 set package 'mapless_nav2' build argument 'catkin_skip_building_tests' from command line to 'False'
[0.213s] colcon.colcon_core.verb DEBUG Building package 'mapless_nav2' with the following arguments: {'ament_cmake_args': None, 'build_base': '/home/david/Desktop/laiting/navigation_codex_legacy_baseline/build/mapless_nav2', 'catkin_cmake_args': None, 'catkin_skip_building_tests': False, 'cmake_args': None, 'cmake_clean_cache': False, 'cmake_clean_first': False, 'cmake_force_configure': False, 'cmake_target': None, 'cmake_target_skip_unavailable': False, 'install_base': '/home/david/Desktop/laiting/navigation_codex_legacy_baseline/install/mapless_nav2', 'merge_install': False, 'path': '/home/david/Desktop/laiting/navigation_codex_legacy_baseline/src/mapless_nav2', 'symlink_install': True, 'test_result_base': None}
[0.213s] colcon.colcon_core.executor INFO Executing jobs using 'parallel' executor
[0.213s] colcon.colcon_parallel_executor.executor.parallel DEBUG run_until_complete
[0.214s] colcon.colcon_ros.task.ament_python.build INFO Building ROS package in '/home/david/Desktop/laiting/navigation_codex_legacy_baseline/src/mapless_nav2' with build type 'ament_python'
[0.214s] colcon.colcon_core.shell Level 1 create_environment_hook('mapless_nav2', 'ament_prefix_path')
[0.214s] colcon.colcon_core.plugin_system INFO Skipping extension 'colcon_core.shell.bat': Not used on non-Windows systems
[0.215s] colcon.colcon_core.shell INFO Creating environment hook '/home/david/Desktop/laiting/navigation_codex_legacy_baseline/install/mapless_nav2/share/mapless_nav2/hook/ament_prefix_path.ps1'
[0.215s] colcon.colcon_core.shell INFO Creating environment descriptor '/home/david/Desktop/laiting/navigation_codex_legacy_baseline/install/mapless_nav2/share/mapless_nav2/hook/ament_prefix_path.dsv'
[0.215s] colcon.colcon_core.shell INFO Creating environment hook '/home/david/Desktop/laiting/navigation_codex_legacy_baseline/install/mapless_nav2/share/mapless_nav2/hook/ament_prefix_path.sh'
[0.215s] colcon.colcon_core.shell INFO Skip shell extension 'powershell' for command environment: Not usable outside of PowerShell
[0.215s] colcon.colcon_core.shell DEBUG Skip shell extension 'dsv' for command environment
[0.374s] colcon.colcon_core.task.python.build INFO Building Python package in '/home/david/Desktop/laiting/navigation_codex_legacy_baseline/src/mapless_nav2'
[0.375s] colcon.colcon_core.shell INFO Skip shell extension 'powershell' for command environment: Not usable outside of PowerShell
[0.375s] colcon.colcon_core.shell DEBUG Skip shell extension 'dsv' for command environment
[0.588s] colcon.colcon_core.event_handler.log_command DEBUG Invoking command in '/home/david/Desktop/laiting/navigation_codex_legacy_baseline/build/mapless_nav2': PYTHONPATH=/home/david/Desktop/laiting/navigation_codex_legacy_baseline/build/mapless_nav2/prefix_override:/usr/lib/python3/dist-packages/colcon_core/task/python/colcon_distutils_commands:/home/david/Desktop/laiting/navigation_codex_legacy_baseline/install/mapless_nav2/lib/python3.10/site-packages:${PYTHONPATH} /usr/bin/python3 -W ignore:setup.py install is deprecated -W ignore:easy_install command is deprecated setup.py develop --editable --build-directory /home/david/Desktop/laiting/navigation_codex_legacy_baseline/build/mapless_nav2/build --no-deps symlink_data
[0.873s] colcon.colcon_core.shell Level 1 create_environment_hook('mapless_nav2', 'pythonpath_develop')
[0.873s] colcon.colcon_core.event_handler.log_command DEBUG Invoked command in '/home/david/Desktop/laiting/navigation_codex_legacy_baseline/build/mapless_nav2' returned '0': PYTHONPATH=/home/david/Desktop/laiting/navigation_codex_legacy_baseline/build/mapless_nav2/prefix_override:/usr/lib/python3/dist-packages/colcon_core/task/python/colcon_distutils_commands:/home/david/Desktop/laiting/navigation_codex_legacy_baseline/install/mapless_nav2/lib/python3.10/site-packages:${PYTHONPATH} /usr/bin/python3 -W ignore:setup.py install is deprecated -W ignore:easy_install command is deprecated setup.py develop --editable --build-directory /home/david/Desktop/laiting/navigation_codex_legacy_baseline/build/mapless_nav2/build --no-deps symlink_data
[0.873s] colcon.colcon_core.shell INFO Creating environment hook '/home/david/Desktop/laiting/navigation_codex_legacy_baseline/build/mapless_nav2/share/mapless_nav2/hook/pythonpath_develop.ps1'
[0.874s] colcon.colcon_core.shell INFO Creating environment descriptor '/home/david/Desktop/laiting/navigation_codex_legacy_baseline/build/mapless_nav2/share/mapless_nav2/hook/pythonpath_develop.dsv'
[0.874s] colcon.colcon_core.shell INFO Creating environment hook '/home/david/Desktop/laiting/navigation_codex_legacy_baseline/build/mapless_nav2/share/mapless_nav2/hook/pythonpath_develop.sh'
[0.875s] colcon.colcon_core.environment Level 1 checking '/home/david/Desktop/laiting/navigation_codex_legacy_baseline/install/mapless_nav2' for CMake module files
[0.875s] colcon.colcon_core.environment Level 1 checking '/home/david/Desktop/laiting/navigation_codex_legacy_baseline/install/mapless_nav2' for CMake config files
[0.876s] colcon.colcon_core.environment Level 1 checking '/home/david/Desktop/laiting/navigation_codex_legacy_baseline/install/mapless_nav2/lib'
[0.876s] colcon.colcon_core.environment Level 1 checking '/home/david/Desktop/laiting/navigation_codex_legacy_baseline/install/mapless_nav2/bin'
[0.876s] colcon.colcon_core.environment Level 1 checking '/home/david/Desktop/laiting/navigation_codex_legacy_baseline/install/mapless_nav2/lib/pkgconfig/mapless_nav2.pc'
[0.876s] colcon.colcon_core.environment Level 1 checking '/home/david/Desktop/laiting/navigation_codex_legacy_baseline/install/mapless_nav2/lib/python3.10/site-packages'
[0.876s] colcon.colcon_core.shell Level 1 create_environment_hook('mapless_nav2', 'pythonpath')
[0.876s] colcon.colcon_core.shell INFO Creating environment hook '/home/david/Desktop/laiting/navigation_codex_legacy_baseline/install/mapless_nav2/share/mapless_nav2/hook/pythonpath.ps1'
[0.876s] colcon.colcon_core.shell INFO Creating environment descriptor '/home/david/Desktop/laiting/navigation_codex_legacy_baseline/install/mapless_nav2/share/mapless_nav2/hook/pythonpath.dsv'
[0.876s] colcon.colcon_core.shell INFO Creating environment hook '/home/david/Desktop/laiting/navigation_codex_legacy_baseline/install/mapless_nav2/share/mapless_nav2/hook/pythonpath.sh'
[0.877s] colcon.colcon_core.environment Level 1 checking '/home/david/Desktop/laiting/navigation_codex_legacy_baseline/install/mapless_nav2/bin'
[0.877s] colcon.colcon_core.environment Level 1 create_environment_scripts_only(mapless_nav2)
[0.877s] colcon.colcon_core.shell INFO Creating package script '/home/david/Desktop/laiting/navigation_codex_legacy_baseline/install/mapless_nav2/share/mapless_nav2/package.ps1'
[0.877s] colcon.colcon_core.shell INFO Creating package descriptor '/home/david/Desktop/laiting/navigation_codex_legacy_baseline/install/mapless_nav2/share/mapless_nav2/package.dsv'
[0.877s] colcon.colcon_core.shell INFO Creating package script '/home/david/Desktop/laiting/navigation_codex_legacy_baseline/install/mapless_nav2/share/mapless_nav2/package.sh'
[0.878s] colcon.colcon_core.shell INFO Creating package script '/home/david/Desktop/laiting/navigation_codex_legacy_baseline/install/mapless_nav2/share/mapless_nav2/package.bash'
[0.878s] colcon.colcon_core.shell INFO Creating package script '/home/david/Desktop/laiting/navigation_codex_legacy_baseline/install/mapless_nav2/share/mapless_nav2/package.zsh'
[0.878s] colcon.colcon_core.environment Level 1 create_file_with_runtime_dependencies(/home/david/Desktop/laiting/navigation_codex_legacy_baseline/install/mapless_nav2/share/colcon-core/packages/mapless_nav2)
[0.878s] colcon.colcon_parallel_executor.executor.parallel DEBUG closing loop
[0.879s] colcon.colcon_parallel_executor.executor.parallel DEBUG loop closed
[0.879s] colcon.colcon_parallel_executor.executor.parallel DEBUG run_until_complete finished with '0'
[0.879s] colcon.colcon_core.event_reactor DEBUG joining thread
[0.881s] colcon.colcon_core.plugin_system INFO Skipping extension 'colcon_notification.desktop_notification.terminal_notifier': Not used on non-Darwin systems
[0.881s] colcon.colcon_core.plugin_system INFO Skipping extension 'colcon_notification.desktop_notification.win32': Not used on non-Windows systems
[0.881s] colcon.colcon_notification.desktop_notification INFO Sending desktop notification using 'notify2'
[0.887s] colcon.colcon_core.event_reactor DEBUG joined thread
[0.888s] colcon.colcon_core.shell INFO Creating prefix script '/home/david/Desktop/laiting/navigation_codex_legacy_baseline/install/local_setup.ps1'
[0.888s] colcon.colcon_core.shell INFO Creating prefix util module '/home/david/Desktop/laiting/navigation_codex_legacy_baseline/install/_local_setup_util_ps1.py'
[0.888s] colcon.colcon_core.shell INFO Creating prefix chain script '/home/david/Desktop/laiting/navigation_codex_legacy_baseline/install/setup.ps1'
[0.889s] colcon.colcon_core.shell INFO Creating prefix script '/home/david/Desktop/laiting/navigation_codex_legacy_baseline/install/local_setup.sh'
[0.889s] colcon.colcon_core.shell INFO Creating prefix util module '/home/david/Desktop/laiting/navigation_codex_legacy_baseline/install/_local_setup_util_sh.py'
[0.890s] colcon.colcon_core.shell INFO Creating prefix chain script '/home/david/Desktop/laiting/navigation_codex_legacy_baseline/install/setup.sh'
[0.890s] colcon.colcon_core.shell INFO Creating prefix script '/home/david/Desktop/laiting/navigation_codex_legacy_baseline/install/local_setup.bash'
[0.890s] colcon.colcon_core.shell INFO Creating prefix chain script '/home/david/Desktop/laiting/navigation_codex_legacy_baseline/install/setup.bash'
[0.891s] colcon.colcon_core.shell INFO Creating prefix script '/home/david/Desktop/laiting/navigation_codex_legacy_baseline/install/local_setup.zsh'
[0.891s] colcon.colcon_core.shell INFO Creating prefix chain script '/home/david/Desktop/laiting/navigation_codex_legacy_baseline/install/setup.zsh'
