[0.066s] [34mcolcon[0m [1;30mDEBUG[0m [32mCommand line arguments: ['/usr/bin/colcon', 'build', '--symlink-install', '--packages-select', 'mapless_nav2'][0m
[0.066s] [34mcolcon[0m [1;30mDEBUG[0m [32mParsed command line arguments: Namespace(log_base=None, log_level=None, verb_name='build', build_base='build', install_base='install', merge_install=False, symlink_install=True, test_result_base=None, continue_on_error=False, executor='parallel', parallel_workers=20, event_handlers=None, ignore_user_meta=False, metas=['./colcon.meta'], base_paths=['.'], packages_ignore=None, packages_ignore_regex=None, paths=None, packages_up_to=None, packages_up_to_regex=None, packages_above=None, packages_above_and_dependencies=None, packages_above_depth=None, packages_select_by_dep=None, packages_skip_by_dep=None, packages_skip_up_to=None, packages_select_build_failed=False, packages_skip_build_finished=False, packages_select_test_failures=False, packages_skip_test_passed=False, packages_select=['mapless_nav2'], packages_skip=None, packages_select_regex=None, packages_skip_regex=None, packages_start=None, packages_end=None, allow_overriding=[], cmake_args=None, cmake_target=None, cmake_target_skip_unavailable=False, cmake_clean_cache=False, cmake_clean_first=False, cmake_force_configure=False, ament_cmake_args=None, catkin_cmake_args=None, catkin_skip_building_tests=False, mixin_files=None, mixin=None, verb_parser=<colcon_mixin.mixin.mixin_argument.MixinArgumentDecorator object at 0x7cdf14591060>, verb_extension=<colcon_core.verb.build.BuildVerb object at 0x7cdf14590a60>, main=<bound method BuildVerb.main of <colcon_core.verb.build.BuildVerb object at 0x7cdf14590a60>>, mixin_verb=('build',))[0m
[0.168s] [34mcolcon.colcon_core.package_discovery[0m [1;30mLevel 1[0m discover_packages(colcon_meta) check parameters
[0.168s] [34mcolcon.colcon_core.package_discovery[0m [1;30mLevel 1[0m discover_packages(recursive) check parameters
[0.168s] [34mcolcon.colcon_core.package_discovery[0m [1;30mLevel 1[0m discover_packages(ignore) check parameters
[0.168s] [34mcolcon.colcon_core.package_discovery[0m [1;30mLevel 1[0m discover_packages(path) check parameters
[0.168s] [34mcolcon.colcon_core.package_discovery[0m [1;30mLevel 1[0m discover_packages(colcon_meta) discover
[0.168s] [34mcolcon.colcon_core.package_discovery[0m [1;30mLevel 1[0m discover_packages(recursive) discover
[0.168s] [34mcolcon.colcon_core.package_discovery[0m [1;30mINFO[0m Crawling recursively for packages in '/home/david/Desktop/laiting/navigation_codex_legacy_baseline'
[0.168s] [34mcolcon.colcon_core.package_identification[0m [1;30mLevel 1[0m _identify(.) by extensions ['ignore', 'ignore_ament_install']
[0.168s] [34mcolcon.colcon_core.package_identification[0m [1;30mLevel 1[0m _identify(.) by extension 'ignore'
[0.168s] [34mcolcon.colcon_core.package_identification[0m [1;30mLevel 1[0m _identify(.) by extension 'ignore_ament_install'
[0.168s] [34mcolcon.colcon_core.package_identification[0m [1;30mLevel 1[0m _identify(.) by extensions ['colcon_pkg']
[0.168s] [34mcolcon.colcon_core.package_identification[0m [1;30mLevel 1[0m _identify(.) by extension 'colcon_pkg'
[0.169s] [34mcolcon.colcon_core.package_identification[0m [1;30mLevel 1[0m _identify(.) by extensions ['colcon_meta']
[0.169s] [34mcolcon.colcon_core.package_identification[0m [1;30mLevel 1[0m _identify(.) by extension 'colcon_meta'
[0.169s] [34mcolcon.colcon_core.package_identification[0m [1;30mLevel 1[0m _identify(.) by extensions ['ros']
[0.169s] [34mcolcon.colcon_core.package_identification[0m [1;30mLevel 1[0m _identify(.) by extension 'ros'
[0.174s] [34mcolcon.colcon_core.package_identification[0m [1;30mLevel 1[0m _identify(.) by extensions ['cmake', 'python']
[0.174s] [34mcolcon.colcon_core.package_identification[0m [1;30mLevel 1[0m _identify(.) by extension 'cmake'
[0.174s] [34mcolcon.colcon_core.package_identification[0m [1;30mLevel 1[0m _identify(.) by extension 'python'
[0.174s] [34mcolcon.colcon_core.package_identification[0m [1;30mLevel 1[0m _identify(.) by extensions ['python_setup_py']
[0.174s] [34mcolcon.colcon_core.package_identification[0m [1;30mLevel 1[0m _identify(.) by extension 'python_setup_py'
[0.174s] [34mcolcon.colcon_core.package_identification[0m [1;30mLevel 1[0m _identify(build) by extensions ['ignore', 'ignore_ament_install']
[0.174s] [34mcolcon.colcon_core.package_identification[0m [1;30mLevel 1[0m _identify(build) by extension 'ignore'
[0.174s] [34mcolcon.colcon_core.package_identification[0m [1;30mLevel 1[0m _identify(build) ignored
[0.174s] [34mcolcon.colcon_core.package_identification[0m [1;30mLevel 1[0m _identify(install) by extensions ['ignore', 'ignore_ament_install']
[0.174s] [34mcolcon.colcon_core.package_identification[0m [1;30mLevel 1[0m _identify(install) by extension 'ignore'
[0.174s] [34mcolcon.colcon_core.package_identification[0m [1;30mLevel 1[0m _identify(install) ignored
[0.174s] [34mcolcon.colcon_core.package_identification[0m [1;30mLevel 1[0m _identify(log) by extensions ['ignore', 'ignore_ament_install']
[0.174s] [34mcolcon.colcon_core.package_identification[0m [1;30mLevel 1[0m _identify(log) by extension 'ignore'
[0.174s] [34mcolcon.colcon_core.package_identification[0m [1;30mLevel 1[0m _identify(log) ignored
[0.174s] [34mcolcon.colcon_core.package_identification[0m [1;30mLevel 1[0m _identify(src) by extensions ['ignore', 'ignore_ament_install']
[0.174s] [34mcolcon.colcon_core.package_identification[0m [1;30mLevel 1[0m _identify(src) by extension 'ignore'
[0.174s] [34mcolcon.colcon_core.package_identification[0m [1;30mLevel 1[0m _identify(src) by extension 'ignore_ament_install'
[0.174s] [34mcolcon.colcon_core.package_identification[0m [1;30mLevel 1[0m _identify(src) by extensions ['colcon_pkg']
[0.174s] [34mcolcon.colcon_core.package_identification[0m [1;30mLevel 1[0m _identify(src) by extension 'colcon_pkg'
[0.174s] [34mcolcon.colcon_core.package_identification[0m [1;30mLevel 1[0m _identify(src) by extensions ['colcon_meta']
[0.174s] [34mcolcon.colcon_core.package_identification[0m [1;30mLevel 1[0m _identify(src) by extension 'colcon_meta'
[0.174s] [34mcolcon.colcon_core.package_identification[0m [1;30mLevel 1[0m _identify(src) by extensions ['ros']
[0.174s] [34mcolcon.colcon_core.package_identification[0m [1;30mLevel 1[0m _identify(src) by extension 'ros'
[0.174s] [34mcolcon.colcon_core.package_identification[0m [1;30mLevel 1[0m _identify(src) by extensions ['cmake', 'python']
[0.174s] [34mcolcon.colcon_core.package_identification[0m [1;30mLevel 1[0m _identify(src) by extension 'cmake'
[0.174s] [34mcolcon.colcon_core.package_identification[0m [1;30mLevel 1[0m _identify(src) by extension 'python'
[0.174s] [34mcolcon.colcon_core.package_identification[0m [1;30mLevel 1[0m _identify(src) by extensions ['python_setup_py']
[0.174s] [34mcolcon.colcon_core.package_identification[0m [1;30mLevel 1[0m _identify(src) by extension 'python_setup_py'
[0.174s] [34mcolcon.colcon_core.package_identification[0m [1;30mLevel 1[0m _identify(src/mapless_nav2) by extensions ['ignore', 'ignore_ament_install']
[0.174s] [34mcolcon.colcon_core.package_identification[0m [1;30mLevel 1[0m _identify(src/mapless_nav2) by extension 'ignore'
[0.174s] [34mcolcon.colcon_core.package_identification[0m [1;30mLevel 1[0m _identify(src/mapless_nav2) by extension 'ignore_ament_install'
[0.174s] [34mcolcon.colcon_core.package_identification[0m [1;30mLevel 1[0m _identify(src/mapless_nav2) by extensions ['colcon_pkg']
[0.174s] [34mcolcon.colcon_core.package_identification[0m [1;30mLevel 1[0m _identify(src/mapless_nav2) by extension 'colcon_pkg'
[0.174s] [34mcolcon.colcon_core.package_identification[0m [1;30mLevel 1[0m _identify(src/mapless_nav2) by extensions ['colcon_meta']
[0.174s] [34mcolcon.colcon_core.package_identification[0m [1;30mLevel 1[0m _identify(src/mapless_nav2) by extension 'colcon_meta'
[0.174s] [34mcolcon.colcon_core.package_identification[0m [1;30mLevel 1[0m _identify(src/mapless_nav2) by extensions ['ros']
[0.175s] [34mcolcon.colcon_core.package_identification[0m [1;30mLevel 1[0m _identify(src/mapless_nav2) by extension 'ros'
[0.176s] [34mcolcon.colcon_core.package_identification[0m [1;30mDEBUG[0m [32mPackage 'src/mapless_nav2' with type 'ros.ament_python' and name 'mapless_nav2'[0m
[0.176s] [34mcolcon.colcon_core.package_identification[0m [1;30mLevel 1[0m _identify(turtlebot3_simulations) by extensions ['ignore', 'ignore_ament_install']
[0.176s] [34mcolcon.colcon_core.package_identification[0m [1;30mLevel 1[0m _identify(turtlebot3_simulations) by extension 'ignore'
[0.176s] [34mcolcon.colcon_core.package_identification[0m [1;30mLevel 1[0m _identify(turtlebot3_simulations) by extension 'ignore_ament_install'
[0.176s] [34mcolcon.colcon_core.package_identification[0m [1;30mLevel 1[0m _identify(turtlebot3_simulations) by extensions ['colcon_pkg']
[0.176s] [34mcolcon.colcon_core.package_identification[0m [1;30mLevel 1[0m _identify(turtlebot3_simulations) by extension 'colcon_pkg'
[0.176s] [34mcolcon.colcon_core.package_identification[0m [1;30mLevel 1[0m _identify(turtlebot3_simulations) by extensions ['colcon_meta']
[0.176s] [34mcolcon.colcon_core.package_identification[0m [1;30mLevel 1[0m _identify(turtlebot3_simulations) by extension 'colcon_meta'
[0.176s] [34mcolcon.colcon_core.package_identification[0m [1;30mLevel 1[0m _identify(turtlebot3_simulations) by extensions ['ros']
[0.176s] [34mcolcon.colcon_core.package_identification[0m [1;30mLevel 1[0m _identify(turtlebot3_simulations) by extension 'ros'
[0.176s] [34mcolcon.colcon_core.package_identification[0m [1;30mLevel 1[0m _identify(turtlebot3_simulations) by extensions ['cmake', 'python']
[0.176s] [34mcolcon.colcon_core.package_identification[0m [1;30mLevel 1[0m _identify(turtlebot3_simulations) by extension 'cmake'
[0.176s] [34mcolcon.colcon_core.package_identification[0m [1;30mLevel 1[0m _identify(turtlebot3_simulations) by extension 'python'
[0.176s] [34mcolcon.colcon_core.package_identification[0m [1;30mLevel 1[0m _identify(turtlebot3_simulations) by extensions ['python_setup_py']
[0.176s] [34mcolcon.colcon_core.package_identification[0m [1;30mLevel 1[0m _identify(turtlebot3_simulations) by extension 'python_setup_py'
[0.176s] [34mcolcon.colcon_core.package_identification[0m [1;30mLevel 1[0m _identify(visualnav-transformer) by extensions ['ignore', 'ignore_ament_install']
[0.176s] [34mcolcon.colcon_core.package_identification[0m [1;30mLevel 1[0m _identify(visualnav-transformer) by extension 'ignore'
[0.176s] [34mcolcon.colcon_core.package_identification[0m [1;30mLevel 1[0m _identify(visualnav-transformer) by extension 'ignore_ament_install'
[0.176s] [34mcolcon.colcon_core.package_identification[0m [1;30mLevel 1[0m _identify(visualnav-transformer) by extensions ['colcon_pkg']
[0.176s] [34mcolcon.colcon_core.package_identification[0m [1;30mLevel 1[0m _identify(visualnav-transformer) by extension 'colcon_pkg'
[0.176s] [34mcolcon.colcon_core.package_identification[0m [1;30mLevel 1[0m _identify(visualnav-transformer) by extensions ['colcon_meta']
[0.176s] [34mcolcon.colcon_core.package_identification[0m [1;30mLevel 1[0m _identify(visualnav-transformer) by extension 'colcon_meta'
[0.176s] [34mcolcon.colcon_core.package_identification[0m [1;30mLevel 1[0m _identify(visualnav-transformer) by extensions ['ros']
[0.176s] [34mcolcon.colcon_core.package_identification[0m [1;30mLevel 1[0m _identify(visualnav-transformer) by extension 'ros'
[0.176s] [34mcolcon.colcon_core.package_identification[0m [1;30mLevel 1[0m _identify(visualnav-transformer) by extensions ['cmake', 'python']
[0.176s] [34mcolcon.colcon_core.package_identification[0m [1;30mLevel 1[0m _identify(visualnav-transformer) by extension 'cmake'
[0.176s] [34mcolcon.colcon_core.package_identification[0m [1;30mLevel 1[0m _identify(visualnav-transformer) by extension 'python'
[0.176s] [34mcolcon.colcon_core.package_identification[0m [1;30mLevel 1[0m _identify(visualnav-transformer) by extensions ['python_setup_py']
[0.177s] [34mcolcon.colcon_core.package_identification[0m [1;30mLevel 1[0m _identify(visualnav-transformer) by extension 'python_setup_py'
[0.177s] [34mcolcon.colcon_core.package_discovery[0m [1;30mLevel 1[0m discover_packages(recursive) using defaults
[0.177s] [34mcolcon.colcon_core.package_discovery[0m [1;30mLevel 1[0m discover_packages(ignore) discover
[0.177s] [34mcolcon.colcon_core.package_discovery[0m [1;30mLevel 1[0m discover_packages(ignore) using defaults
[0.177s] [34mcolcon.colcon_core.package_discovery[0m [1;30mLevel 1[0m discover_packages(path) discover
[0.177s] [34mcolcon.colcon_core.package_discovery[0m [1;30mLevel 1[0m discover_packages(path) using defaults
[0.185s] [34mcolcon.colcon_core.package_discovery[0m [1;30mLevel 1[0m discover_packages(prefix_path) check parameters
[0.185s] [34mcolcon.colcon_core.package_discovery[0m [1;30mLevel 1[0m discover_packages(prefix_path) discover
[0.185s] [34mcolcon.colcon_ros.prefix_path.ament[0m [1;30mWARNING[0m [33mThe path '/home/david/Desktop/laiting/navigation_codex_legacy_baseline/install/mapless_nav2' in the environment variable AMENT_PREFIX_PATH doesn't exist[0m
[0.186s] [34mcolcon.colcon_installed_package_information.package_discovery[0m [1;30mDEBUG[0m [32mFound 0 installed packages in /home/david/Desktop/laiting/navigation_codex_legacy_baseline/install[0m
[0.186s] [34mcolcon.colcon_installed_package_information.package_discovery[0m [1;30mDEBUG[0m [32mFound 34 installed packages in /home/david/ros2_ws/install[0m
[0.187s] [34mcolcon.colcon_installed_package_information.package_discovery[0m [1;30mDEBUG[0m [32mFound 2 installed packages in /home/david/Desktop/laiting/navigation/install[0m
[0.187s] [34mcolcon.colcon_installed_package_information.package_discovery[0m [1;30mDEBUG[0m [32mFound 441 installed packages in /opt/ros/humble[0m
[0.188s] [34mcolcon.colcon_core.package_discovery[0m [1;30mLevel 1[0m discover_packages(prefix_path) using defaults
[0.212s] [34mcolcon.colcon_core.verb[0m [1;30mLevel 5[0m set package 'mapless_nav2' build argument 'cmake_args' from command line to 'None'
[0.212s] [34mcolcon.colcon_core.verb[0m [1;30mLevel 5[0m set package 'mapless_nav2' build argument 'cmake_target' from command line to 'None'
[0.212s] [34mcolcon.colcon_core.verb[0m [1;30mLevel 5[0m set package 'mapless_nav2' build argument 'cmake_target_skip_unavailable' from command line to 'False'
[0.212s] [34mcolcon.colcon_core.verb[0m [1;30mLevel 5[0m set package 'mapless_nav2' build argument 'cmake_clean_cache' from command line to 'False'
[0.212s] [34mcolcon.colcon_core.verb[0m [1;30mLevel 5[0m set package 'mapless_nav2' build argument 'cmake_clean_first' from command line to 'False'
[0.212s] [34mcolcon.colcon_core.verb[0m [1;30mLevel 5[0m set package 'mapless_nav2' build argument 'cmake_force_configure' from command line to 'False'
[0.212s] [34mcolcon.colcon_core.verb[0m [1;30mLevel 5[0m set package 'mapless_nav2' build argument 'ament_cmake_args' from command line to 'None'
[0.212s] [34mcolcon.colcon_core.verb[0m [1;30mLevel 5[0m set package 'mapless_nav2' build argument 'catkin_cmake_args' from command line to 'None'
[0.212s] [34mcolcon.colcon_core.verb[0m [1;30mLevel 5[0m set package 'mapless_nav2' build argument 'catkin_skip_building_tests' from command line to 'False'
[0.212s] [34mcolcon.colcon_core.verb[0m [1;30mDEBUG[0m [32mBuilding package 'mapless_nav2' with the following arguments: {'ament_cmake_args': None, 'build_base': '/home/david/Desktop/laiting/navigation_codex_legacy_baseline/build/mapless_nav2', 'catkin_cmake_args': None, 'catkin_skip_building_tests': False, 'cmake_args': None, 'cmake_clean_cache': False, 'cmake_clean_first': False, 'cmake_force_configure': False, 'cmake_target': None, 'cmake_target_skip_unavailable': False, 'install_base': '/home/david/Desktop/laiting/navigation_codex_legacy_baseline/install/mapless_nav2', 'merge_install': False, 'path': '/home/david/Desktop/laiting/navigation_codex_legacy_baseline/src/mapless_nav2', 'symlink_install': True, 'test_result_base': None}[0m
[0.212s] [34mcolcon.colcon_core.executor[0m [1;30mINFO[0m Executing jobs using 'parallel' executor
[0.212s] [34mcolcon.colcon_parallel_executor.executor.parallel[0m [1;30mDEBUG[0m [32mrun_until_complete[0m
[0.213s] [34mcolcon.colcon_ros.task.ament_python.build[0m [1;30mINFO[0m Building ROS package in '/home/david/Desktop/laiting/navigation_codex_legacy_baseline/src/mapless_nav2' with build type 'ament_python'
[0.213s] [34mcolcon.colcon_core.shell[0m [1;30mLevel 1[0m create_environment_hook('mapless_nav2', 'ament_prefix_path')
[0.214s] [34mcolcon.colcon_core.plugin_system[0m [1;30mINFO[0m Skipping extension 'colcon_core.shell.bat': Not used on non-Windows systems
[0.214s] [34mcolcon.colcon_core.shell[0m [1;30mINFO[0m Creating environment hook '/home/david/Desktop/laiting/navigation_codex_legacy_baseline/install/mapless_nav2/share/mapless_nav2/hook/ament_prefix_path.ps1'
[0.214s] [34mcolcon.colcon_core.shell[0m [1;30mINFO[0m Creating environment descriptor '/home/david/Desktop/laiting/navigation_codex_legacy_baseline/install/mapless_nav2/share/mapless_nav2/hook/ament_prefix_path.dsv'
[0.214s] [34mcolcon.colcon_core.shell[0m [1;30mINFO[0m Creating environment hook '/home/david/Desktop/laiting/navigation_codex_legacy_baseline/install/mapless_nav2/share/mapless_nav2/hook/ament_prefix_path.sh'
[0.215s] [34mcolcon.colcon_core.shell[0m [1;30mINFO[0m Skip shell extension 'powershell' for command environment: Not usable outside of PowerShell
[0.215s] [34mcolcon.colcon_core.shell[0m [1;30mDEBUG[0m [32mSkip shell extension 'dsv' for command environment[0m
[0.371s] [34mcolcon.colcon_core.task.python.build[0m [1;30mINFO[0m Building Python package in '/home/david/Desktop/laiting/navigation_codex_legacy_baseline/src/mapless_nav2'
[0.371s] [34mcolcon.colcon_core.shell[0m [1;30mINFO[0m Skip shell extension 'powershell' for command environment: Not usable outside of PowerShell
[0.371s] [34mcolcon.colcon_core.shell[0m [1;30mDEBUG[0m [32mSkip shell extension 'dsv' for command environment[0m
[0.588s] [34mcolcon.colcon_core.event_handler.log_command[0m [1;30mDEBUG[0m [32mInvoking command in '/home/david/Desktop/laiting/navigation_codex_legacy_baseline/build/mapless_nav2': PYTHONPATH=/home/david/Desktop/laiting/navigation_codex_legacy_baseline/build/mapless_nav2/prefix_override:/usr/lib/python3/dist-packages/colcon_core/task/python/colcon_distutils_commands:/home/david/Desktop/laiting/navigation_codex_legacy_baseline/install/mapless_nav2/lib/python3.10/site-packages:${PYTHONPATH} /usr/bin/python3 -W ignore:setup.py install is deprecated -W ignore:easy_install command is deprecated setup.py develop --editable --build-directory /home/david/Desktop/laiting/navigation_codex_legacy_baseline/build/mapless_nav2/build --no-deps symlink_data[0m
[0.874s] [34mcolcon.colcon_core.shell[0m [1;30mLevel 1[0m create_environment_hook('mapless_nav2', 'pythonpath_develop')
[0.874s] [34mcolcon.colcon_core.shell[0m [1;30mINFO[0m Creating environment hook '/home/david/Desktop/laiting/navigation_codex_legacy_baseline/build/mapless_nav2/share/mapless_nav2/hook/pythonpath_develop.ps1'
[0.875s] [34mcolcon.colcon_core.event_handler.log_command[0m [1;30mDEBUG[0m [32mInvoked command in '/home/david/Desktop/laiting/navigation_codex_legacy_baseline/build/mapless_nav2' returned '0': PYTHONPATH=/home/david/Desktop/laiting/navigation_codex_legacy_baseline/build/mapless_nav2/prefix_override:/usr/lib/python3/dist-packages/colcon_core/task/python/colcon_distutils_commands:/home/david/Desktop/laiting/navigation_codex_legacy_baseline/install/mapless_nav2/lib/python3.10/site-packages:${PYTHONPATH} /usr/bin/python3 -W ignore:setup.py install is deprecated -W ignore:easy_install command is deprecated setup.py develop --editable --build-directory /home/david/Desktop/laiting/navigation_codex_legacy_baseline/build/mapless_nav2/build --no-deps symlink_data[0m
[0.875s] [34mcolcon.colcon_core.shell[0m [1;30mINFO[0m Creating environment descriptor '/home/david/Desktop/laiting/navigation_codex_legacy_baseline/build/mapless_nav2/share/mapless_nav2/hook/pythonpath_develop.dsv'
[0.875s] [34mcolcon.colcon_core.shell[0m [1;30mINFO[0m Creating environment hook '/home/david/Desktop/laiting/navigation_codex_legacy_baseline/build/mapless_nav2/share/mapless_nav2/hook/pythonpath_develop.sh'
[0.876s] [34mcolcon.colcon_core.environment[0m [1;30mLevel 1[0m checking '/home/david/Desktop/laiting/navigation_codex_legacy_baseline/install/mapless_nav2' for CMake module files
[0.877s] [34mcolcon.colcon_core.environment[0m [1;30mLevel 1[0m checking '/home/david/Desktop/laiting/navigation_codex_legacy_baseline/install/mapless_nav2' for CMake config files
[0.877s] [34mcolcon.colcon_core.environment[0m [1;30mLevel 1[0m checking '/home/david/Desktop/laiting/navigation_codex_legacy_baseline/install/mapless_nav2/lib'
[0.877s] [34mcolcon.colcon_core.environment[0m [1;30mLevel 1[0m checking '/home/david/Desktop/laiting/navigation_codex_legacy_baseline/install/mapless_nav2/bin'
[0.877s] [34mcolcon.colcon_core.environment[0m [1;30mLevel 1[0m checking '/home/david/Desktop/laiting/navigation_codex_legacy_baseline/install/mapless_nav2/lib/pkgconfig/mapless_nav2.pc'
[0.877s] [34mcolcon.colcon_core.environment[0m [1;30mLevel 1[0m checking '/home/david/Desktop/laiting/navigation_codex_legacy_baseline/install/mapless_nav2/lib/python3.10/site-packages'
[0.877s] [34mcolcon.colcon_core.shell[0m [1;30mLevel 1[0m create_environment_hook('mapless_nav2', 'pythonpath')
[0.877s] [34mcolcon.colcon_core.shell[0m [1;30mINFO[0m Creating environment hook '/home/david/Desktop/laiting/navigation_codex_legacy_baseline/install/mapless_nav2/share/mapless_nav2/hook/pythonpath.ps1'
[0.877s] [34mcolcon.colcon_core.shell[0m [1;30mINFO[0m Creating environment descriptor '/home/david/Desktop/laiting/navigation_codex_legacy_baseline/install/mapless_nav2/share/mapless_nav2/hook/pythonpath.dsv'
[0.878s] [34mcolcon.colcon_core.shell[0m [1;30mINFO[0m Creating environment hook '/home/david/Desktop/laiting/navigation_codex_legacy_baseline/install/mapless_nav2/share/mapless_nav2/hook/pythonpath.sh'
[0.878s] [34mcolcon.colcon_core.environment[0m [1;30mLevel 1[0m checking '/home/david/Desktop/laiting/navigation_codex_legacy_baseline/install/mapless_nav2/bin'
[0.878s] [34mcolcon.colcon_core.environment[0m [1;30mLevel 1[0m create_environment_scripts_only(mapless_nav2)
[0.878s] [34mcolcon.colcon_core.shell[0m [1;30mINFO[0m Creating package script '/home/david/Desktop/laiting/navigation_codex_legacy_baseline/install/mapless_nav2/share/mapless_nav2/package.ps1'
[0.878s] [34mcolcon.colcon_core.shell[0m [1;30mINFO[0m Creating package descriptor '/home/david/Desktop/laiting/navigation_codex_legacy_baseline/install/mapless_nav2/share/mapless_nav2/package.dsv'
[0.879s] [34mcolcon.colcon_core.shell[0m [1;30mINFO[0m Creating package script '/home/david/Desktop/laiting/navigation_codex_legacy_baseline/install/mapless_nav2/share/mapless_nav2/package.sh'
[0.879s] [34mcolcon.colcon_core.shell[0m [1;30mINFO[0m Creating package script '/home/david/Desktop/laiting/navigation_codex_legacy_baseline/install/mapless_nav2/share/mapless_nav2/package.bash'
[0.879s] [34mcolcon.colcon_core.shell[0m [1;30mINFO[0m Creating package script '/home/david/Desktop/laiting/navigation_codex_legacy_baseline/install/mapless_nav2/share/mapless_nav2/package.zsh'
[0.879s] [34mcolcon.colcon_core.environment[0m [1;30mLevel 1[0m create_file_with_runtime_dependencies(/home/david/Desktop/laiting/navigation_codex_legacy_baseline/install/mapless_nav2/share/colcon-core/packages/mapless_nav2)
[0.879s] [34mcolcon.colcon_parallel_executor.executor.parallel[0m [1;30mDEBUG[0m [32mclosing loop[0m
[0.880s] [34mcolcon.colcon_parallel_executor.executor.parallel[0m [1;30mDEBUG[0m [32mloop closed[0m
[0.880s] [34mcolcon.colcon_parallel_executor.executor.parallel[0m [1;30mDEBUG[0m [32mrun_until_complete finished with '0'[0m
[0.880s] [34mcolcon.colcon_core.event_reactor[0m [1;30mDEBUG[0m [32mjoining thread[0m
[0.882s] [34mcolcon.colcon_core.plugin_system[0m [1;30mINFO[0m Skipping extension 'colcon_notification.desktop_notification.terminal_notifier': Not used on non-Darwin systems
[0.882s] [34mcolcon.colcon_core.plugin_system[0m [1;30mINFO[0m Skipping extension 'colcon_notification.desktop_notification.win32': Not used on non-Windows systems
[0.882s] [34mcolcon.colcon_notification.desktop_notification[0m [1;30mINFO[0m Sending desktop notification using 'notify2'
[0.889s] [34mcolcon.colcon_core.event_reactor[0m [1;30mDEBUG[0m [32mjoined thread[0m
[0.889s] [34mcolcon.colcon_core.shell[0m [1;30mINFO[0m Creating prefix script '/home/david/Desktop/laiting/navigation_codex_legacy_baseline/install/local_setup.ps1'
[0.890s] [34mcolcon.colcon_core.shell[0m [1;30mINFO[0m Creating prefix util module '/home/david/Desktop/laiting/navigation_codex_legacy_baseline/install/_local_setup_util_ps1.py'
[0.891s] [34mcolcon.colcon_core.shell[0m [1;30mINFO[0m Creating prefix chain script '/home/david/Desktop/laiting/navigation_codex_legacy_baseline/install/setup.ps1'
[0.892s] [34mcolcon.colcon_core.shell[0m [1;30mINFO[0m Creating prefix script '/home/david/Desktop/laiting/navigation_codex_legacy_baseline/install/local_setup.sh'
[0.892s] [34mcolcon.colcon_core.shell[0m [1;30mINFO[0m Creating prefix util module '/home/david/Desktop/laiting/navigation_codex_legacy_baseline/install/_local_setup_util_sh.py'
[0.892s] [34mcolcon.colcon_core.shell[0m [1;30mINFO[0m Creating prefix chain script '/home/david/Desktop/laiting/navigation_codex_legacy_baseline/install/setup.sh'
[0.893s] [34mcolcon.colcon_core.shell[0m [1;30mINFO[0m Creating prefix script '/home/david/Desktop/laiting/navigation_codex_legacy_baseline/install/local_setup.bash'
[0.893s] [34mcolcon.colcon_core.shell[0m [1;30mINFO[0m Creating prefix chain script '/home/david/Desktop/laiting/navigation_codex_legacy_baseline/install/setup.bash'
[0.894s] [34mcolcon.colcon_core.shell[0m [1;30mINFO[0m Creating prefix script '/home/david/Desktop/laiting/navigation_codex_legacy_baseline/install/local_setup.zsh'
[0.894s] [34mcolcon.colcon_core.shell[0m [1;30mINFO[0m Creating prefix chain script '/home/david/Desktop/laiting/navigation_codex_legacy_baseline/install/setup.zsh'
