[0.387s] Invoking command in '/home/david/Desktop/laiting/navigation/build/mapless_nav2': PYTHONPATH=/home/david/Desktop/laiting/navigation/build/mapless_nav2/prefix_override:/usr/lib/python3/dist-packages/colcon_core/task/python/colcon_distutils_commands:/home/david/Desktop/laiting/navigation/install/mapless_nav2/lib/python3.10/site-packages:${PYTHONPATH} /usr/bin/python3 -W ignore:setup.py install is deprecated -W ignore:easy_install command is deprecated setup.py develop --editable --build-directory /home/david/Desktop/laiting/navigation/build/mapless_nav2/build --no-deps symlink_data
[0.541s] running develop
[0.654s] running egg_info
[0.654s] writing mapless_nav2.egg-info/PKG-INFO
[0.655s] writing dependency_links to mapless_nav2.egg-info/dependency_links.txt
[0.655s] writing entry points to mapless_nav2.egg-info/entry_points.txt
[0.655s] writing requirements to mapless_nav2.egg-info/requires.txt
[0.655s] writing top-level names to mapless_nav2.egg-info/top_level.txt
[0.656s] reading manifest file 'mapless_nav2.egg-info/SOURCES.txt'
[0.656s] writing manifest file 'mapless_nav2.egg-info/SOURCES.txt'
[0.657s] running build_ext
[0.657s] Creating /home/david/Desktop/laiting/navigation/install/mapless_nav2/lib/python3.10/site-packages/mapless-nav2.egg-link (link to .)
[0.658s] Installing exploration_coordinator script to /home/david/Desktop/laiting/navigation/install/mapless_nav2/lib/mapless_nav2
[0.658s] Installing mapless_goal_manager script to /home/david/Desktop/laiting/navigation/install/mapless_nav2/lib/mapless_nav2
[0.658s] Installing mapless_safety_controller script to /home/david/Desktop/laiting/navigation/install/mapless_nav2/lib/mapless_nav2
[0.658s] Installing mapless_send_goal script to /home/david/Desktop/laiting/navigation/install/mapless_nav2/lib/mapless_nav2
[0.658s] 
[0.658s] Installed /home/david/Desktop/laiting/navigation/build/mapless_nav2
[0.658s] running symlink_data
[0.658s] symbolically linking /home/david/Desktop/laiting/navigation/build/mapless_nav2/launch/frontier_explore_tb3.launch.py -> /home/david/Desktop/laiting/navigation/install/mapless_nav2/share/mapless_nav2/launch
[0.658s] symbolically linking /home/david/Desktop/laiting/navigation/build/mapless_nav2/config/nav2_frontier_exploration_params.yaml -> /home/david/Desktop/laiting/navigation/install/mapless_nav2/share/mapless_nav2/config
[0.658s] symbolically linking /home/david/Desktop/laiting/navigation/build/mapless_nav2/config/exploration_manager.yaml -> /home/david/Desktop/laiting/navigation/install/mapless_nav2/share/mapless_nav2/config
[0.658s] symbolically linking /home/david/Desktop/laiting/navigation/build/mapless_nav2/config/slam_toolbox_online_async.yaml -> /home/david/Desktop/laiting/navigation/install/mapless_nav2/share/mapless_nav2/config
[0.659s] symbolically linking /home/david/Desktop/laiting/navigation/build/mapless_nav2/rviz/frontier_explore.rviz -> /home/david/Desktop/laiting/navigation/install/mapless_nav2/share/mapless_nav2/rviz
[0.659s] creating /home/david/Desktop/laiting/navigation/install/mapless_nav2/share/mapless_nav2/behavior_trees
[0.659s] symbolically linking /home/david/Desktop/laiting/navigation/build/mapless_nav2/behavior_trees/explore_goal_switch_nav.xml -> /home/david/Desktop/laiting/navigation/install/mapless_nav2/share/mapless_nav2/behavior_trees
[0.674s] Invoked command in '/home/david/Desktop/laiting/navigation/build/mapless_nav2' returned '0': PYTHONPATH=/home/david/Desktop/laiting/navigation/build/mapless_nav2/prefix_override:/usr/lib/python3/dist-packages/colcon_core/task/python/colcon_distutils_commands:/home/david/Desktop/laiting/navigation/install/mapless_nav2/lib/python3.10/site-packages:${PYTHONPATH} /usr/bin/python3 -W ignore:setup.py install is deprecated -W ignore:easy_install command is deprecated setup.py develop --editable --build-directory /home/david/Desktop/laiting/navigation/build/mapless_nav2/build --no-deps symlink_data
