[0.375s] Invoking command in '/home/david/Desktop/laiting/navigation_codex_legacy_baseline/build/mapless_nav2': PYTHONPATH=/home/david/Desktop/laiting/navigation_codex_legacy_baseline/build/mapless_nav2/prefix_override:/usr/lib/python3/dist-packages/colcon_core/task/python/colcon_distutils_commands:/home/david/Desktop/laiting/navigation_codex_legacy_baseline/install/mapless_nav2/lib/python3.10/site-packages:${PYTHONPATH} /usr/bin/python3 -W ignore:setup.py install is deprecated -W ignore:easy_install command is deprecated setup.py develop --editable --build-directory /home/david/Desktop/laiting/navigation_codex_legacy_baseline/build/mapless_nav2/build --no-deps symlink_data
[0.532s] running develop
[0.644s] running egg_info
[0.644s] creating mapless_nav2.egg-info
[0.644s] writing mapless_nav2.egg-info/PKG-INFO
[0.644s] writing dependency_links to mapless_nav2.egg-info/dependency_links.txt
[0.644s] writing entry points to mapless_nav2.egg-info/entry_points.txt
[0.644s] writing requirements to mapless_nav2.egg-info/requires.txt
[0.644s] writing top-level names to mapless_nav2.egg-info/top_level.txt
[0.644s] writing manifest file 'mapless_nav2.egg-info/SOURCES.txt'
[0.645s] reading manifest file 'mapless_nav2.egg-info/SOURCES.txt'
[0.646s] writing manifest file 'mapless_nav2.egg-info/SOURCES.txt'
[0.647s] running build_ext
[0.647s] Creating /home/david/Desktop/laiting/navigation_codex_legacy_baseline/install/mapless_nav2/lib/python3.10/site-packages/mapless-nav2.egg-link (link to .)
[0.647s] Installing exploration_coordinator script to /home/david/Desktop/laiting/navigation_codex_legacy_baseline/install/mapless_nav2/lib/mapless_nav2
[0.647s] Installing mapless_goal_manager script to /home/david/Desktop/laiting/navigation_codex_legacy_baseline/install/mapless_nav2/lib/mapless_nav2
[0.647s] Installing mapless_safety_controller script to /home/david/Desktop/laiting/navigation_codex_legacy_baseline/install/mapless_nav2/lib/mapless_nav2
[0.647s] Installing mapless_scan_stabilizer script to /home/david/Desktop/laiting/navigation_codex_legacy_baseline/install/mapless_nav2/lib/mapless_nav2
[0.647s] Installing mapless_send_goal script to /home/david/Desktop/laiting/navigation_codex_legacy_baseline/install/mapless_nav2/lib/mapless_nav2
[0.647s] 
[0.647s] Installed /home/david/Desktop/laiting/navigation_codex_legacy_baseline/build/mapless_nav2
[0.647s] running symlink_data
[0.647s] creating /home/david/Desktop/laiting/navigation_codex_legacy_baseline/install/mapless_nav2/share/ament_index
[0.647s] creating /home/david/Desktop/laiting/navigation_codex_legacy_baseline/install/mapless_nav2/share/ament_index/resource_index
[0.647s] creating /home/david/Desktop/laiting/navigation_codex_legacy_baseline/install/mapless_nav2/share/ament_index/resource_index/packages
[0.647s] symbolically linking /home/david/Desktop/laiting/navigation_codex_legacy_baseline/build/mapless_nav2/resource/mapless_nav2 -> /home/david/Desktop/laiting/navigation_codex_legacy_baseline/install/mapless_nav2/share/ament_index/resource_index/packages
[0.647s] symbolically linking /home/david/Desktop/laiting/navigation_codex_legacy_baseline/build/mapless_nav2/package.xml -> /home/david/Desktop/laiting/navigation_codex_legacy_baseline/install/mapless_nav2/share/mapless_nav2
[0.647s] creating /home/david/Desktop/laiting/navigation_codex_legacy_baseline/install/mapless_nav2/share/mapless_nav2/launch
[0.647s] symbolically linking /home/david/Desktop/laiting/navigation_codex_legacy_baseline/build/mapless_nav2/launch/mapless_tb3_sim.launch.py -> /home/david/Desktop/laiting/navigation_codex_legacy_baseline/install/mapless_nav2/share/mapless_nav2/launch
[0.647s] symbolically linking /home/david/Desktop/laiting/navigation_codex_legacy_baseline/build/mapless_nav2/launch/frontier_explore_tb3.launch.py -> /home/david/Desktop/laiting/navigation_codex_legacy_baseline/install/mapless_nav2/share/mapless_nav2/launch
[0.647s] creating /home/david/Desktop/laiting/navigation_codex_legacy_baseline/install/mapless_nav2/share/mapless_nav2/config
[0.648s] symbolically linking /home/david/Desktop/laiting/navigation_codex_legacy_baseline/build/mapless_nav2/config/nav2_mapless_params.yaml -> /home/david/Desktop/laiting/navigation_codex_legacy_baseline/install/mapless_nav2/share/mapless_nav2/config
[0.648s] symbolically linking /home/david/Desktop/laiting/navigation_codex_legacy_baseline/build/mapless_nav2/config/nav2_frontier_exploration_params.yaml -> /home/david/Desktop/laiting/navigation_codex_legacy_baseline/install/mapless_nav2/share/mapless_nav2/config
[0.648s] symbolically linking /home/david/Desktop/laiting/navigation_codex_legacy_baseline/build/mapless_nav2/config/exploration_manager.yaml -> /home/david/Desktop/laiting/navigation_codex_legacy_baseline/install/mapless_nav2/share/mapless_nav2/config
[0.648s] symbolically linking /home/david/Desktop/laiting/navigation_codex_legacy_baseline/build/mapless_nav2/config/slam_toolbox_online_async.yaml -> /home/david/Desktop/laiting/navigation_codex_legacy_baseline/install/mapless_nav2/share/mapless_nav2/config
[0.648s] creating /home/david/Desktop/laiting/navigation_codex_legacy_baseline/install/mapless_nav2/share/mapless_nav2/rviz
[0.648s] symbolically linking /home/david/Desktop/laiting/navigation_codex_legacy_baseline/build/mapless_nav2/rviz/mapless_nav2.rviz -> /home/david/Desktop/laiting/navigation_codex_legacy_baseline/install/mapless_nav2/share/mapless_nav2/rviz
[0.648s] symbolically linking /home/david/Desktop/laiting/navigation_codex_legacy_baseline/build/mapless_nav2/rviz/frontier_explore.rviz -> /home/david/Desktop/laiting/navigation_codex_legacy_baseline/install/mapless_nav2/share/mapless_nav2/rviz
[0.648s] creating /home/david/Desktop/laiting/navigation_codex_legacy_baseline/install/mapless_nav2/share/mapless_nav2/behavior_trees
[0.648s] symbolically linking /home/david/Desktop/laiting/navigation_codex_legacy_baseline/build/mapless_nav2/behavior_trees/explore_goal_switch_nav.xml -> /home/david/Desktop/laiting/navigation_codex_legacy_baseline/install/mapless_nav2/share/mapless_nav2/behavior_trees
[0.648s] creating /home/david/Desktop/laiting/navigation_codex_legacy_baseline/install/mapless_nav2/share/mapless_nav2/models
[0.648s] creating /home/david/Desktop/laiting/navigation_codex_legacy_baseline/install/mapless_nav2/share/mapless_nav2/models/turtlebot3_waffle_45deg
[0.648s] symbolically linking /home/david/Desktop/laiting/navigation_codex_legacy_baseline/build/mapless_nav2/models/turtlebot3_waffle_45deg/model.sdf -> /home/david/Desktop/laiting/navigation_codex_legacy_baseline/install/mapless_nav2/share/mapless_nav2/models/turtlebot3_waffle_45deg
[0.648s] symbolically linking /home/david/Desktop/laiting/navigation_codex_legacy_baseline/build/mapless_nav2/models/turtlebot3_waffle_45deg/model-1_4.sdf -> /home/david/Desktop/laiting/navigation_codex_legacy_baseline/install/mapless_nav2/share/mapless_nav2/models/turtlebot3_waffle_45deg
[0.648s] symbolically linking /home/david/Desktop/laiting/navigation_codex_legacy_baseline/build/mapless_nav2/models/turtlebot3_waffle_45deg/model.config -> /home/david/Desktop/laiting/navigation_codex_legacy_baseline/install/mapless_nav2/share/mapless_nav2/models/turtlebot3_waffle_45deg
[0.662s] Invoked command in '/home/david/Desktop/laiting/navigation_codex_legacy_baseline/build/mapless_nav2' returned '0': PYTHONPATH=/home/david/Desktop/laiting/navigation_codex_legacy_baseline/build/mapless_nav2/prefix_override:/usr/lib/python3/dist-packages/colcon_core/task/python/colcon_distutils_commands:/home/david/Desktop/laiting/navigation_codex_legacy_baseline/install/mapless_nav2/lib/python3.10/site-packages:${PYTHONPATH} /usr/bin/python3 -W ignore:setup.py install is deprecated -W ignore:easy_install command is deprecated setup.py develop --editable --build-directory /home/david/Desktop/laiting/navigation_codex_legacy_baseline/build/mapless_nav2/build --no-deps symlink_data
