running develop
Removing /home/david/Desktop/laiting/navigation/install/mapless_nav2/lib/python3.10/site-packages/mapless-nav2.egg-link (link to .)
running egg_info
writing ../../build/mapless_nav2/mapless_nav2.egg-info/PKG-INFO
writing dependency_links to ../../build/mapless_nav2/mapless_nav2.egg-info/dependency_links.txt
writing entry points to ../../build/mapless_nav2/mapless_nav2.egg-info/entry_points.txt
writing requirements to ../../build/mapless_nav2/mapless_nav2.egg-info/requires.txt
writing top-level names to ../../build/mapless_nav2/mapless_nav2.egg-info/top_level.txt
reading manifest file '../../build/mapless_nav2/mapless_nav2.egg-info/SOURCES.txt'
writing manifest file '../../build/mapless_nav2/mapless_nav2.egg-info/SOURCES.txt'
running build
running build_py
creating /home/david/Desktop/laiting/navigation/build/mapless_nav2/build
creating /home/david/Desktop/laiting/navigation/build/mapless_nav2/build/lib
creating /home/david/Desktop/laiting/navigation/build/mapless_nav2/build/lib/mapless_nav2
copying mapless_nav2/mapless_goal_manager.py -> /home/david/Desktop/laiting/navigation/build/mapless_nav2/build/lib/mapless_nav2
copying mapless_nav2/safety_controller.py -> /home/david/Desktop/laiting/navigation/build/mapless_nav2/build/lib/mapless_nav2
copying mapless_nav2/send_goal.py -> /home/david/Desktop/laiting/navigation/build/mapless_nav2/build/lib/mapless_nav2
copying mapless_nav2/__init__.py -> /home/david/Desktop/laiting/navigation/build/mapless_nav2/build/lib/mapless_nav2
running install
running install_lib
creating /home/david/Desktop/laiting/navigation/install/mapless_nav2/lib/python3.10/site-packages/mapless_nav2
copying /home/david/Desktop/laiting/navigation/build/mapless_nav2/build/lib/mapless_nav2/mapless_goal_manager.py -> /home/david/Desktop/laiting/navigation/install/mapless_nav2/lib/python3.10/site-packages/mapless_nav2
copying /home/david/Desktop/laiting/navigation/build/mapless_nav2/build/lib/mapless_nav2/safety_controller.py -> /home/david/Desktop/laiting/navigation/install/mapless_nav2/lib/python3.10/site-packages/mapless_nav2
copying /home/david/Desktop/laiting/navigation/build/mapless_nav2/build/lib/mapless_nav2/send_goal.py -> /home/david/Desktop/laiting/navigation/install/mapless_nav2/lib/python3.10/site-packages/mapless_nav2
copying /home/david/Desktop/laiting/navigation/build/mapless_nav2/build/lib/mapless_nav2/__init__.py -> /home/david/Desktop/laiting/navigation/install/mapless_nav2/lib/python3.10/site-packages/mapless_nav2
byte-compiling /home/david/Desktop/laiting/navigation/install/mapless_nav2/lib/python3.10/site-packages/mapless_nav2/mapless_goal_manager.py to mapless_goal_manager.cpython-310.pyc
byte-compiling /home/david/Desktop/laiting/navigation/install/mapless_nav2/lib/python3.10/site-packages/mapless_nav2/safety_controller.py to safety_controller.cpython-310.pyc
byte-compiling /home/david/Desktop/laiting/navigation/install/mapless_nav2/lib/python3.10/site-packages/mapless_nav2/send_goal.py to send_goal.cpython-310.pyc
byte-compiling /home/david/Desktop/laiting/navigation/install/mapless_nav2/lib/python3.10/site-packages/mapless_nav2/__init__.py to __init__.cpython-310.pyc
running install_data
copying resource/mapless_nav2 -> /home/david/Desktop/laiting/navigation/install/mapless_nav2/share/ament_index/resource_index/packages
copying package.xml -> /home/david/Desktop/laiting/navigation/install/mapless_nav2/share/mapless_nav2
copying launch/mapless_tb3_sim.launch.py -> /home/david/Desktop/laiting/navigation/install/mapless_nav2/share/mapless_nav2/launch
copying config/nav2_mapless_params.yaml -> /home/david/Desktop/laiting/navigation/install/mapless_nav2/share/mapless_nav2/config
copying rviz/mapless_nav2.rviz -> /home/david/Desktop/laiting/navigation/install/mapless_nav2/share/mapless_nav2/rviz
copying models/turtlebot3_waffle_45deg/model.sdf -> /home/david/Desktop/laiting/navigation/install/mapless_nav2/share/mapless_nav2/models/turtlebot3_waffle_45deg
copying models/turtlebot3_waffle_45deg/model-1_4.sdf -> /home/david/Desktop/laiting/navigation/install/mapless_nav2/share/mapless_nav2/models/turtlebot3_waffle_45deg
copying models/turtlebot3_waffle_45deg/model.config -> /home/david/Desktop/laiting/navigation/install/mapless_nav2/share/mapless_nav2/models/turtlebot3_waffle_45deg
running install_egg_info
Copying ../../build/mapless_nav2/mapless_nav2.egg-info to /home/david/Desktop/laiting/navigation/install/mapless_nav2/lib/python3.10/site-packages/mapless_nav2-0.1.0-py3.10.egg-info
running install_scripts
Installing mapless_goal_manager script to /home/david/Desktop/laiting/navigation/install/mapless_nav2/lib/mapless_nav2
Installing mapless_safety_controller script to /home/david/Desktop/laiting/navigation/install/mapless_nav2/lib/mapless_nav2
Installing mapless_send_goal script to /home/david/Desktop/laiting/navigation/install/mapless_nav2/lib/mapless_nav2
writing list of installed files to '/home/david/Desktop/laiting/navigation/build/mapless_nav2/install.log'
