[0.393s] Invoking command in '/home/david/Desktop/laiting/navigation/build/mapless_nav2': PYTHONPATH=/home/david/Desktop/laiting/navigation/build/mapless_nav2/prefix_override:/usr/lib/python3/dist-packages/colcon_core/task/python/colcon_distutils_commands:/home/david/Desktop/laiting/navigation/install/mapless_nav2/lib/python3.10/site-packages:${PYTHONPATH} /usr/bin/python3 -W ignore:setup.py install is deprecated -W ignore:easy_install command is deprecated setup.py develop --uninstall --editable --build-directory /home/david/Desktop/laiting/navigation/build/mapless_nav2/build
[0.552s] running develop
[0.666s] Removing /home/david/Desktop/laiting/navigation/install/mapless_nav2/lib/python3.10/site-packages/mapless-nav2.egg-link (link to .)
[0.680s] Invoked command in '/home/david/Desktop/laiting/navigation/build/mapless_nav2' returned '0': PYTHONPATH=/home/david/Desktop/laiting/navigation/build/mapless_nav2/prefix_override:/usr/lib/python3/dist-packages/colcon_core/task/python/colcon_distutils_commands:/home/david/Desktop/laiting/navigation/install/mapless_nav2/lib/python3.10/site-packages:${PYTHONPATH} /usr/bin/python3 -W ignore:setup.py install is deprecated -W ignore:easy_install command is deprecated setup.py develop --uninstall --editable --build-directory /home/david/Desktop/laiting/navigation/build/mapless_nav2/build
[0.681s] Invoking command in '/home/david/Desktop/laiting/navigation/src/mapless_nav2': PYTHONPATH=/home/david/Desktop/laiting/navigation/build/mapless_nav2/prefix_override:/usr/lib/python3/dist-packages/colcon_core/task/python/colcon_distutils_commands:/home/david/Desktop/laiting/navigation/install/mapless_nav2/lib/python3.10/site-packages:${PYTHONPATH} /usr/bin/python3 -W ignore:setup.py install is deprecated -W ignore:easy_install command is deprecated setup.py egg_info --egg-base ../../build/mapless_nav2 build --build-base /home/david/Desktop/laiting/navigation/build/mapless_nav2/build install --record /home/david/Desktop/laiting/navigation/build/mapless_nav2/install.log --single-version-externally-managed install_data --force
[0.824s] running egg_info
[0.825s] writing ../../build/mapless_nav2/mapless_nav2.egg-info/PKG-INFO
[0.825s] writing dependency_links to ../../build/mapless_nav2/mapless_nav2.egg-info/dependency_links.txt
[0.825s] writing entry points to ../../build/mapless_nav2/mapless_nav2.egg-info/entry_points.txt
[0.825s] writing requirements to ../../build/mapless_nav2/mapless_nav2.egg-info/requires.txt
[0.825s] writing top-level names to ../../build/mapless_nav2/mapless_nav2.egg-info/top_level.txt
[0.826s] reading manifest file '../../build/mapless_nav2/mapless_nav2.egg-info/SOURCES.txt'
[0.827s] writing manifest file '../../build/mapless_nav2/mapless_nav2.egg-info/SOURCES.txt'
[0.827s] running build
[0.827s] running build_py
[0.827s] creating /home/david/Desktop/laiting/navigation/build/mapless_nav2/build
[0.827s] creating /home/david/Desktop/laiting/navigation/build/mapless_nav2/build/lib
[0.827s] creating /home/david/Desktop/laiting/navigation/build/mapless_nav2/build/lib/mapless_nav2
[0.827s] copying mapless_nav2/mapless_goal_manager.py -> /home/david/Desktop/laiting/navigation/build/mapless_nav2/build/lib/mapless_nav2
[0.827s] copying mapless_nav2/safety_controller.py -> /home/david/Desktop/laiting/navigation/build/mapless_nav2/build/lib/mapless_nav2
[0.827s] copying mapless_nav2/send_goal.py -> /home/david/Desktop/laiting/navigation/build/mapless_nav2/build/lib/mapless_nav2
[0.827s] copying mapless_nav2/__init__.py -> /home/david/Desktop/laiting/navigation/build/mapless_nav2/build/lib/mapless_nav2
[0.827s] running install
[0.827s] running install_lib
[0.828s] creating /home/david/Desktop/laiting/navigation/install/mapless_nav2/lib/python3.10/site-packages/mapless_nav2
[0.828s] copying /home/david/Desktop/laiting/navigation/build/mapless_nav2/build/lib/mapless_nav2/mapless_goal_manager.py -> /home/david/Desktop/laiting/navigation/install/mapless_nav2/lib/python3.10/site-packages/mapless_nav2
[0.828s] copying /home/david/Desktop/laiting/navigation/build/mapless_nav2/build/lib/mapless_nav2/safety_controller.py -> /home/david/Desktop/laiting/navigation/install/mapless_nav2/lib/python3.10/site-packages/mapless_nav2
[0.828s] copying /home/david/Desktop/laiting/navigation/build/mapless_nav2/build/lib/mapless_nav2/send_goal.py -> /home/david/Desktop/laiting/navigation/install/mapless_nav2/lib/python3.10/site-packages/mapless_nav2
[0.828s] copying /home/david/Desktop/laiting/navigation/build/mapless_nav2/build/lib/mapless_nav2/__init__.py -> /home/david/Desktop/laiting/navigation/install/mapless_nav2/lib/python3.10/site-packages/mapless_nav2
[0.828s] byte-compiling /home/david/Desktop/laiting/navigation/install/mapless_nav2/lib/python3.10/site-packages/mapless_nav2/mapless_goal_manager.py to mapless_goal_manager.cpython-310.pyc
[0.836s] byte-compiling /home/david/Desktop/laiting/navigation/install/mapless_nav2/lib/python3.10/site-packages/mapless_nav2/safety_controller.py to safety_controller.cpython-310.pyc
[0.837s] byte-compiling /home/david/Desktop/laiting/navigation/install/mapless_nav2/lib/python3.10/site-packages/mapless_nav2/send_goal.py to send_goal.cpython-310.pyc
[0.837s] byte-compiling /home/david/Desktop/laiting/navigation/install/mapless_nav2/lib/python3.10/site-packages/mapless_nav2/__init__.py to __init__.cpython-310.pyc
[0.837s] running install_data
[0.837s] copying resource/mapless_nav2 -> /home/david/Desktop/laiting/navigation/install/mapless_nav2/share/ament_index/resource_index/packages
[0.837s] copying package.xml -> /home/david/Desktop/laiting/navigation/install/mapless_nav2/share/mapless_nav2
[0.837s] copying launch/mapless_tb3_sim.launch.py -> /home/david/Desktop/laiting/navigation/install/mapless_nav2/share/mapless_nav2/launch
[0.838s] copying config/nav2_mapless_params.yaml -> /home/david/Desktop/laiting/navigation/install/mapless_nav2/share/mapless_nav2/config
[0.838s] copying rviz/mapless_nav2.rviz -> /home/david/Desktop/laiting/navigation/install/mapless_nav2/share/mapless_nav2/rviz
[0.838s] copying models/turtlebot3_waffle_45deg/model.sdf -> /home/david/Desktop/laiting/navigation/install/mapless_nav2/share/mapless_nav2/models/turtlebot3_waffle_45deg
[0.838s] copying models/turtlebot3_waffle_45deg/model-1_4.sdf -> /home/david/Desktop/laiting/navigation/install/mapless_nav2/share/mapless_nav2/models/turtlebot3_waffle_45deg
[0.838s] copying models/turtlebot3_waffle_45deg/model.config -> /home/david/Desktop/laiting/navigation/install/mapless_nav2/share/mapless_nav2/models/turtlebot3_waffle_45deg
[0.838s] running install_egg_info
[0.839s] Copying ../../build/mapless_nav2/mapless_nav2.egg-info to /home/david/Desktop/laiting/navigation/install/mapless_nav2/lib/python3.10/site-packages/mapless_nav2-0.1.0-py3.10.egg-info
[0.839s] running install_scripts
[0.850s] Installing mapless_goal_manager script to /home/david/Desktop/laiting/navigation/install/mapless_nav2/lib/mapless_nav2
[0.850s] Installing mapless_safety_controller script to /home/david/Desktop/laiting/navigation/install/mapless_nav2/lib/mapless_nav2
[0.850s] Installing mapless_send_goal script to /home/david/Desktop/laiting/navigation/install/mapless_nav2/lib/mapless_nav2
[0.850s] writing list of installed files to '/home/david/Desktop/laiting/navigation/build/mapless_nav2/install.log'
[0.862s] Invoked command in '/home/david/Desktop/laiting/navigation/src/mapless_nav2' returned '0': PYTHONPATH=/home/david/Desktop/laiting/navigation/build/mapless_nav2/prefix_override:/usr/lib/python3/dist-packages/colcon_core/task/python/colcon_distutils_commands:/home/david/Desktop/laiting/navigation/install/mapless_nav2/lib/python3.10/site-packages:${PYTHONPATH} /usr/bin/python3 -W ignore:setup.py install is deprecated -W ignore:easy_install command is deprecated setup.py egg_info --egg-base ../../build/mapless_nav2 build --build-base /home/david/Desktop/laiting/navigation/build/mapless_nav2/build install --record /home/david/Desktop/laiting/navigation/build/mapless_nav2/install.log --single-version-externally-managed install_data --force
